{"C:\\Users\\Yei\\dev\\gestionWebApp\\src\\index.js": {"path":"C:\\Users\\Yei\\dev\\gestionWebApp\\src\\index.js","statementMap":{"0":{"start":{"line":9,"column":0},"end":{"line":9,"column":16}},"1":{"start":{"line":10,"column":12},"end":{"line":10,"column":21}},"2":{"start":{"line":11,"column":13},"end":{"line":11,"column":37}},"3":{"start":{"line":14,"column":0},"end":{"line":14,"column":12}},"4":{"start":{"line":17,"column":0},"end":{"line":17,"column":24}},"5":{"start":{"line":18,"column":0},"end":{"line":18,"column":16}},"6":{"start":{"line":21,"column":0},"end":{"line":21,"column":32}},"7":{"start":{"line":22,"column":0},"end":{"line":22,"column":33}},"8":{"start":{"line":23,"column":0},"end":{"line":23,"column":34}},"9":{"start":{"line":25,"column":0},"end":{"line":27,"column":3}},"10":{"start":{"line":26,"column":2},"end":{"line":26,"column":67}}},"fnMap":{"0":{"name":"(anonymous_0)","decl":{"start":{"line":25,"column":17},"end":{"line":25,"column":18}},"loc":{"start":{"line":25,"column":23},"end":{"line":27,"column":1}},"line":25}},"branchMap":{"0":{"loc":{"start":{"line":11,"column":13},"end":{"line":11,"column":37}},"type":"binary-expr","locations":[{"start":{"line":11,"column":13},"end":{"line":11,"column":29}},{"start":{"line":11,"column":33},"end":{"line":11,"column":37}}],"line":11}},"s":{"0":0,"1":0,"2":0,"3":0,"4":0,"5":0,"6":0,"7":0,"8":0,"9":0,"10":0},"f":{"0":0},"b":{"0":[0,0]}}
,"C:\\Users\\Yei\\dev\\gestionWebApp\\src\\controllers\\SalesOrderHeader.Controller.js": {"path":"C:\\Users\\Yei\\dev\\gestionWebApp\\src\\controllers\\SalesOrderHeader.Controller.js","statementMap":{"0":{"start":{"line":7,"column":41},"end":{"line":29,"column":1}},"1":{"start":{"line":8,"column":20},"end":{"line":8,"column":35}},"2":{"start":{"line":10,"column":2},"end":{"line":28,"column":3}},"3":{"start":{"line":12,"column":23},"end":{"line":12,"column":51}},"4":{"start":{"line":13,"column":29},"end":{"line":13,"column":79}},"5":{"start":{"line":15,"column":4},"end":{"line":15,"column":29}},"6":{"start":{"line":16,"column":4},"end":{"line":18,"column":52}},"7":{"start":{"line":19,"column":4},"end":{"line":19,"column":42}},"8":{"start":{"line":21,"column":4},"end":{"line":21,"column":38}},"9":{"start":{"line":23,"column":4},"end":{"line":23,"column":29}},"10":{"start":{"line":24,"column":4},"end":{"line":24,"column":53}},"11":{"start":{"line":25,"column":4},"end":{"line":25,"column":62}},"12":{"start":{"line":27,"column":4},"end":{"line":27,"column":38}},"13":{"start":{"line":31,"column":41},"end":{"line":54,"column":1}},"14":{"start":{"line":32,"column":17},"end":{"line":32,"column":27}},"15":{"start":{"line":33,"column":20},"end":{"line":33,"column":35}},"16":{"start":{"line":35,"column":2},"end":{"line":40,"column":3}},"17":{"start":{"line":36,"column":4},"end":{"line":36,"column":29}},"18":{"start":{"line":37,"column":4},"end":{"line":37,"column":51}},"19":{"start":{"line":38,"column":4},"end":{"line":38,"column":48}},"20":{"start":{"line":39,"column":4},"end":{"line":39,"column":45}},"21":{"start":{"line":42,"column":2},"end":{"line":53,"column":3}},"22":{"start":{"line":43,"column":19},"end":{"line":43,"column":61}},"23":{"start":{"line":44,"column":4},"end":{"line":44,"column":29}},"24":{"start":{"line":45,"column":4},"end":{"line":45,"column":41}},"25":{"start":{"line":46,"column":4},"end":{"line":46,"column":32}},"26":{"start":{"line":47,"column":4},"end":{"line":47,"column":45}},"27":{"start":{"line":49,"column":4},"end":{"line":49,"column":29}},"28":{"start":{"line":50,"column":4},"end":{"line":50,"column":40}},"29":{"start":{"line":51,"column":4},"end":{"line":51,"column":30}},"30":{"start":{"line":52,"column":4},"end":{"line":52,"column":45}}},"fnMap":{"0":{"name":"(anonymous_0)","decl":{"start":{"line":7,"column":41},"end":{"line":7,"column":42}},"loc":{"start":{"line":7,"column":61},"end":{"line":29,"column":1}},"line":7},"1":{"name":"(anonymous_1)","decl":{"start":{"line":31,"column":41},"end":{"line":31,"column":42}},"loc":{"start":{"line":31,"column":61},"end":{"line":54,"column":1}},"line":31}},"branchMap":{"0":{"loc":{"start":{"line":12,"column":23},"end":{"line":12,"column":51}},"type":"binary-expr","locations":[{"start":{"line":12,"column":23},"end":{"line":12,"column":43}},{"start":{"line":12,"column":47},"end":{"line":12,"column":51}}],"line":12},"1":{"loc":{"start":{"line":16,"column":26},"end":{"line":18,"column":51}},"type":"cond-expr","locations":[{"start":{"line":17,"column":8},"end":{"line":17,"column":67}},{"start":{"line":18,"column":8},"end":{"line":18,"column":51}}],"line":16},"2":{"loc":{"start":{"line":25,"column":25},"end":{"line":25,"column":61}},"type":"binary-expr","locations":[{"start":{"line":25,"column":25},"end":{"line":25,"column":38}},{"start":{"line":25,"column":42},"end":{"line":25,"column":61}}],"line":25},"3":{"loc":{"start":{"line":35,"column":2},"end":{"line":40,"column":3}},"type":"if","locations":[{"start":{"line":35,"column":2},"end":{"line":40,"column":3}},{"start":{},"end":{}}],"line":35}},"s":{"0":1,"1":2,"2":2,"3":2,"4":2,"5":1,"6":1,"7":1,"8":1,"9":1,"10":1,"11":1,"12":1,"13":1,"14":2,"15":2,"16":2,"17":0,"18":0,"19":0,"20":0,"21":2,"22":2,"23":1,"24":1,"25":1,"26":1,"27":1,"28":1,"29":1,"30":1},"f":{"0":2,"1":2},"b":{"0":[2,2],"1":[0,1],"2":[1,0],"3":[0,2]},"_coverageSchema":"1a1c01bbd47fc00a2c39e90264f33305004495a9","hash":"874fd75ceafed84950d4e4ae8f5ce31630274e55"}
,"C:\\Users\\Yei\\dev\\gestionWebApp\\src\\controllers\\customer.controllers.js": {"path":"C:\\Users\\Yei\\dev\\gestionWebApp\\src\\controllers\\customer.controllers.js","statementMap":{"0":{"start":{"line":9,"column":33},"end":{"line":67,"column":1}},"1":{"start":{"line":10,"column":20},"end":{"line":10,"column":35}},"2":{"start":{"line":26,"column":6},"end":{"line":26,"column":14}},"3":{"start":{"line":29,"column":2},"end":{"line":35,"column":3}},"4":{"start":{"line":30,"column":4},"end":{"line":30,"column":29}},"5":{"start":{"line":31,"column":4},"end":{"line":31,"column":52}},"6":{"start":{"line":32,"column":4},"end":{"line":33,"column":63}},"7":{"start":{"line":34,"column":4},"end":{"line":34,"column":45}},"8":{"start":{"line":37,"column":2},"end":{"line":66,"column":3}},"9":{"start":{"line":39,"column":24},"end":{"line":52,"column":5}},"10":{"start":{"line":55,"column":4},"end":{"line":55,"column":29}},"11":{"start":{"line":56,"column":4},"end":{"line":56,"column":57}},"12":{"start":{"line":57,"column":4},"end":{"line":57,"column":37}},"13":{"start":{"line":58,"column":4},"end":{"line":58,"column":38}},"14":{"start":{"line":61,"column":4},"end":{"line":61,"column":52}},"15":{"start":{"line":62,"column":4},"end":{"line":62,"column":29}},"16":{"start":{"line":63,"column":4},"end":{"line":63,"column":51}},"17":{"start":{"line":64,"column":4},"end":{"line":64,"column":62}},"18":{"start":{"line":65,"column":4},"end":{"line":65,"column":38}},"19":{"start":{"line":69,"column":21},"end":{"line":92,"column":1}},"20":{"start":{"line":70,"column":2},"end":{"line":91,"column":3}},"21":{"start":{"line":71,"column":19},"end":{"line":71,"column":50}},"22":{"start":{"line":72,"column":26},"end":{"line":72,"column":58}},"23":{"start":{"line":73,"column":23},"end":{"line":73,"column":49}},"24":{"start":{"line":75,"column":22},"end":{"line":79,"column":5}},"25":{"start":{"line":80,"column":4},"end":{"line":84,"column":7}},"26":{"start":{"line":86,"column":4},"end":{"line":86,"column":55}},"27":{"start":{"line":87,"column":4},"end":{"line":90,"column":7}},"28":{"start":{"line":94,"column":33},"end":{"line":149,"column":1}},"29":{"start":{"line":95,"column":15},"end":{"line":95,"column":25}},"30":{"start":{"line":109,"column":6},"end":{"line":109,"column":14}},"31":{"start":{"line":111,"column":20},"end":{"line":111,"column":35}},"32":{"start":{"line":112,"column":2},"end":{"line":112,"column":24}},"33":{"start":{"line":114,"column":2},"end":{"line":120,"column":3}},"34":{"start":{"line":115,"column":4},"end":{"line":115,"column":29}},"35":{"start":{"line":116,"column":4},"end":{"line":116,"column":52}},"36":{"start":{"line":117,"column":4},"end":{"line":118,"column":67}},"37":{"start":{"line":119,"column":4},"end":{"line":119,"column":45}},"38":{"start":{"line":122,"column":2},"end":{"line":148,"column":3}},"39":{"start":{"line":123,"column":19},"end":{"line":137,"column":5}},"40":{"start":{"line":139,"column":4},"end":{"line":139,"column":29}},"41":{"start":{"line":140,"column":4},"end":{"line":140,"column":41}},"42":{"start":{"line":141,"column":4},"end":{"line":141,"column":32}},"43":{"start":{"line":142,"column":4},"end":{"line":142,"column":45}},"44":{"start":{"line":144,"column":4},"end":{"line":144,"column":29}},"45":{"start":{"line":145,"column":4},"end":{"line":145,"column":56}},"46":{"start":{"line":146,"column":4},"end":{"line":146,"column":62}},"47":{"start":{"line":147,"column":4},"end":{"line":147,"column":45}},"48":{"start":{"line":151,"column":33},"end":{"line":174,"column":1}},"49":{"start":{"line":152,"column":17},"end":{"line":152,"column":27}},"50":{"start":{"line":153,"column":20},"end":{"line":153,"column":35}},"51":{"start":{"line":155,"column":2},"end":{"line":160,"column":3}},"52":{"start":{"line":156,"column":4},"end":{"line":156,"column":29}},"53":{"start":{"line":157,"column":4},"end":{"line":157,"column":52}},"54":{"start":{"line":158,"column":4},"end":{"line":158,"column":48}},"55":{"start":{"line":159,"column":4},"end":{"line":159,"column":45}},"56":{"start":{"line":162,"column":2},"end":{"line":173,"column":3}},"57":{"start":{"line":163,"column":19},"end":{"line":163,"column":53}},"58":{"start":{"line":164,"column":4},"end":{"line":164,"column":29}},"59":{"start":{"line":165,"column":4},"end":{"line":165,"column":41}},"60":{"start":{"line":166,"column":4},"end":{"line":166,"column":32}},"61":{"start":{"line":167,"column":4},"end":{"line":167,"column":45}},"62":{"start":{"line":169,"column":4},"end":{"line":169,"column":29}},"63":{"start":{"line":170,"column":4},"end":{"line":170,"column":40}},"64":{"start":{"line":171,"column":4},"end":{"line":171,"column":30}},"65":{"start":{"line":172,"column":4},"end":{"line":172,"column":45}}},"fnMap":{"0":{"name":"(anonymous_0)","decl":{"start":{"line":9,"column":33},"end":{"line":9,"column":34}},"loc":{"start":{"line":9,"column":53},"end":{"line":67,"column":1}},"line":9},"1":{"name":"(anonymous_1)","decl":{"start":{"line":69,"column":21},"end":{"line":69,"column":22}},"loc":{"start":{"line":69,"column":41},"end":{"line":92,"column":1}},"line":69},"2":{"name":"(anonymous_2)","decl":{"start":{"line":94,"column":33},"end":{"line":94,"column":34}},"loc":{"start":{"line":94,"column":53},"end":{"line":149,"column":1}},"line":94},"3":{"name":"(anonymous_3)","decl":{"start":{"line":151,"column":33},"end":{"line":151,"column":34}},"loc":{"start":{"line":151,"column":53},"end":{"line":174,"column":1}},"line":151}},"branchMap":{"0":{"loc":{"start":{"line":29,"column":2},"end":{"line":35,"column":3}},"type":"if","locations":[{"start":{"line":29,"column":2},"end":{"line":35,"column":3}},{"start":{},"end":{}}],"line":29},"1":{"loc":{"start":{"line":29,"column":6},"end":{"line":29,"column":46}},"type":"binary-expr","locations":[{"start":{"line":29,"column":6},"end":{"line":29,"column":16}},{"start":{"line":29,"column":20},"end":{"line":29,"column":29}},{"start":{"line":29,"column":33},"end":{"line":29,"column":46}}],"line":29},"2":{"loc":{"start":{"line":64,"column":25},"end":{"line":64,"column":61}},"type":"binary-expr","locations":[{"start":{"line":64,"column":25},"end":{"line":64,"column":38}},{"start":{"line":64,"column":42},"end":{"line":64,"column":61}}],"line":64},"3":{"loc":{"start":{"line":71,"column":19},"end":{"line":71,"column":50}},"type":"binary-expr","locations":[{"start":{"line":71,"column":19},"end":{"line":71,"column":35}},{"start":{"line":71,"column":39},"end":{"line":71,"column":50}}],"line":71},"4":{"loc":{"start":{"line":72,"column":26},"end":{"line":72,"column":58}},"type":"binary-expr","locations":[{"start":{"line":72,"column":26},"end":{"line":72,"column":49}},{"start":{"line":72,"column":53},"end":{"line":72,"column":58}}],"line":72},"5":{"loc":{"start":{"line":73,"column":23},"end":{"line":73,"column":49}},"type":"binary-expr","locations":[{"start":{"line":73,"column":23},"end":{"line":73,"column":43}},{"start":{"line":73,"column":47},"end":{"line":73,"column":49}}],"line":73},"6":{"loc":{"start":{"line":114,"column":2},"end":{"line":120,"column":3}},"type":"if","locations":[{"start":{"line":114,"column":2},"end":{"line":120,"column":3}},{"start":{},"end":{}}],"line":114},"7":{"loc":{"start":{"line":114,"column":6},"end":{"line":114,"column":53}},"type":"binary-expr","locations":[{"start":{"line":114,"column":6},"end":{"line":114,"column":9}},{"start":{"line":114,"column":13},"end":{"line":114,"column":23}},{"start":{"line":114,"column":27},"end":{"line":114,"column":36}},{"start":{"line":114,"column":40},"end":{"line":114,"column":53}}],"line":114},"8":{"loc":{"start":{"line":146,"column":25},"end":{"line":146,"column":61}},"type":"binary-expr","locations":[{"start":{"line":146,"column":25},"end":{"line":146,"column":38}},{"start":{"line":146,"column":42},"end":{"line":146,"column":61}}],"line":146},"9":{"loc":{"start":{"line":155,"column":2},"end":{"line":160,"column":3}},"type":"if","locations":[{"start":{"line":155,"column":2},"end":{"line":160,"column":3}},{"start":{},"end":{}}],"line":155},"10":{"loc":{"start":{"line":155,"column":6},"end":{"line":155,"column":48}},"type":"binary-expr","locations":[{"start":{"line":155,"column":6},"end":{"line":155,"column":9}},{"start":{"line":155,"column":13},"end":{"line":155,"column":26}},{"start":{"line":155,"column":30},"end":{"line":155,"column":48}}],"line":155}},"s":{"0":1,"1":3,"2":3,"3":3,"4":1,"5":1,"6":1,"7":1,"8":2,"9":2,"10":1,"11":1,"12":1,"13":1,"14":1,"15":1,"16":1,"17":1,"18":1,"19":1,"20":1,"21":1,"22":1,"23":1,"24":1,"25":1,"26":0,"27":0,"28":1,"29":2,"30":2,"31":2,"32":2,"33":2,"34":1,"35":1,"36":1,"37":1,"38":1,"39":1,"40":1,"41":1,"42":1,"43":1,"44":0,"45":0,"46":0,"47":0,"48":1,"49":2,"50":2,"51":2,"52":1,"53":1,"54":1,"55":1,"56":1,"57":1,"58":1,"59":1,"60":1,"61":1,"62":0,"63":0,"64":0,"65":0},"f":{"0":3,"1":1,"2":2,"3":2},"b":{"0":[1,2],"1":[3,2,2],"2":[1,0],"3":[1,0],"4":[1,0],"5":[1,0],"6":[1,1],"7":[2,2,1,1],"8":[0,0],"9":[1,1],"10":[2,2,1]},"_coverageSchema":"1a1c01bbd47fc00a2c39e90264f33305004495a9","hash":"abbed7aa0bc89162762bf8c2f1d374098923250a"}
,"C:\\Users\\Yei\\dev\\gestionWebApp\\src\\controllers\\products.controllers.js": {"path":"C:\\Users\\Yei\\dev\\gestionWebApp\\src\\controllers\\products.controllers.js","statementMap":{"0":{"start":{"line":10,"column":40},"end":{"line":40,"column":1}},"1":{"start":{"line":11,"column":20},"end":{"line":11,"column":35}},"2":{"start":{"line":12,"column":2},"end":{"line":39,"column":3}},"3":{"start":{"line":14,"column":19},"end":{"line":14,"column":45}},"4":{"start":{"line":15,"column":26},"end":{"line":15,"column":58}},"5":{"start":{"line":16,"column":23},"end":{"line":16,"column":43}},"6":{"start":{"line":17,"column":23},"end":{"line":17,"column":49}},"7":{"start":{"line":20,"column":21},"end":{"line":25,"column":5}},"8":{"start":{"line":27,"column":4},"end":{"line":27,"column":29}},"9":{"start":{"line":28,"column":4},"end":{"line":28,"column":62}},"10":{"start":{"line":29,"column":4},"end":{"line":29,"column":34}},"11":{"start":{"line":31,"column":4},"end":{"line":31,"column":38}},"12":{"start":{"line":33,"column":4},"end":{"line":33,"column":56}},"13":{"start":{"line":34,"column":4},"end":{"line":34,"column":29}},"14":{"start":{"line":35,"column":4},"end":{"line":35,"column":55}},"15":{"start":{"line":36,"column":4},"end":{"line":36,"column":62}},"16":{"start":{"line":38,"column":4},"end":{"line":38,"column":38}},"17":{"start":{"line":42,"column":42},"end":{"line":60,"column":1}},"18":{"start":{"line":43,"column":20},"end":{"line":43,"column":35}},"19":{"start":{"line":44,"column":2},"end":{"line":59,"column":3}},"20":{"start":{"line":45,"column":23},"end":{"line":45,"column":54}},"21":{"start":{"line":47,"column":4},"end":{"line":47,"column":29}},"22":{"start":{"line":48,"column":4},"end":{"line":48,"column":63}},"23":{"start":{"line":49,"column":4},"end":{"line":49,"column":36}},"24":{"start":{"line":51,"column":4},"end":{"line":51,"column":38}},"25":{"start":{"line":53,"column":4},"end":{"line":53,"column":73}},"26":{"start":{"line":54,"column":4},"end":{"line":54,"column":29}},"27":{"start":{"line":55,"column":4},"end":{"line":55,"column":56}},"28":{"start":{"line":56,"column":4},"end":{"line":56,"column":62}},"29":{"start":{"line":58,"column":4},"end":{"line":58,"column":38}},"30":{"start":{"line":62,"column":32},"end":{"line":108,"column":1}},"31":{"start":{"line":63,"column":20},"end":{"line":63,"column":35}},"32":{"start":{"line":75,"column":6},"end":{"line":75,"column":14}},"33":{"start":{"line":77,"column":2},"end":{"line":82,"column":3}},"34":{"start":{"line":78,"column":4},"end":{"line":78,"column":29}},"35":{"start":{"line":79,"column":4},"end":{"line":79,"column":52}},"36":{"start":{"line":80,"column":4},"end":{"line":80,"column":68}},"37":{"start":{"line":81,"column":4},"end":{"line":81,"column":45}},"38":{"start":{"line":84,"column":2},"end":{"line":107,"column":3}},"39":{"start":{"line":85,"column":23},"end":{"line":96,"column":5}},"40":{"start":{"line":98,"column":4},"end":{"line":98,"column":29}},"41":{"start":{"line":99,"column":4},"end":{"line":99,"column":58}},"42":{"start":{"line":100,"column":4},"end":{"line":100,"column":36}},"43":{"start":{"line":101,"column":4},"end":{"line":101,"column":38}},"44":{"start":{"line":103,"column":4},"end":{"line":103,"column":29}},"45":{"start":{"line":104,"column":4},"end":{"line":104,"column":52}},"46":{"start":{"line":105,"column":4},"end":{"line":105,"column":62}},"47":{"start":{"line":106,"column":4},"end":{"line":106,"column":38}},"48":{"start":{"line":110,"column":32},"end":{"line":159,"column":1}},"49":{"start":{"line":111,"column":15},"end":{"line":111,"column":25}},"50":{"start":{"line":122,"column":6},"end":{"line":122,"column":14}},"51":{"start":{"line":124,"column":20},"end":{"line":124,"column":35}},"52":{"start":{"line":125,"column":2},"end":{"line":125,"column":24}},"53":{"start":{"line":128,"column":2},"end":{"line":133,"column":3}},"54":{"start":{"line":129,"column":4},"end":{"line":129,"column":29}},"55":{"start":{"line":130,"column":4},"end":{"line":130,"column":52}},"56":{"start":{"line":131,"column":4},"end":{"line":131,"column":72}},"57":{"start":{"line":132,"column":4},"end":{"line":132,"column":45}},"58":{"start":{"line":135,"column":2},"end":{"line":158,"column":3}},"59":{"start":{"line":136,"column":19},"end":{"line":147,"column":5}},"60":{"start":{"line":149,"column":4},"end":{"line":149,"column":29}},"61":{"start":{"line":150,"column":4},"end":{"line":150,"column":41}},"62":{"start":{"line":151,"column":4},"end":{"line":151,"column":32}},"63":{"start":{"line":152,"column":4},"end":{"line":152,"column":45}},"64":{"start":{"line":154,"column":4},"end":{"line":154,"column":29}},"65":{"start":{"line":155,"column":4},"end":{"line":155,"column":57}},"66":{"start":{"line":156,"column":4},"end":{"line":156,"column":62}},"67":{"start":{"line":157,"column":4},"end":{"line":157,"column":45}},"68":{"start":{"line":161,"column":32},"end":{"line":184,"column":1}},"69":{"start":{"line":162,"column":17},"end":{"line":162,"column":27}},"70":{"start":{"line":163,"column":20},"end":{"line":163,"column":35}},"71":{"start":{"line":165,"column":2},"end":{"line":170,"column":3}},"72":{"start":{"line":166,"column":4},"end":{"line":166,"column":29}},"73":{"start":{"line":167,"column":4},"end":{"line":167,"column":53}},"74":{"start":{"line":168,"column":4},"end":{"line":168,"column":48}},"75":{"start":{"line":169,"column":4},"end":{"line":169,"column":45}},"76":{"start":{"line":172,"column":2},"end":{"line":183,"column":3}},"77":{"start":{"line":173,"column":19},"end":{"line":173,"column":52}},"78":{"start":{"line":174,"column":4},"end":{"line":174,"column":29}},"79":{"start":{"line":175,"column":4},"end":{"line":175,"column":41}},"80":{"start":{"line":176,"column":4},"end":{"line":176,"column":32}},"81":{"start":{"line":177,"column":4},"end":{"line":177,"column":45}},"82":{"start":{"line":179,"column":4},"end":{"line":179,"column":29}},"83":{"start":{"line":180,"column":4},"end":{"line":180,"column":40}},"84":{"start":{"line":181,"column":4},"end":{"line":181,"column":30}},"85":{"start":{"line":182,"column":4},"end":{"line":182,"column":45}}},"fnMap":{"0":{"name":"(anonymous_0)","decl":{"start":{"line":10,"column":40},"end":{"line":10,"column":41}},"loc":{"start":{"line":10,"column":60},"end":{"line":40,"column":1}},"line":10},"1":{"name":"(anonymous_1)","decl":{"start":{"line":42,"column":42},"end":{"line":42,"column":43}},"loc":{"start":{"line":42,"column":62},"end":{"line":60,"column":1}},"line":42},"2":{"name":"(anonymous_2)","decl":{"start":{"line":62,"column":32},"end":{"line":62,"column":33}},"loc":{"start":{"line":62,"column":52},"end":{"line":108,"column":1}},"line":62},"3":{"name":"(anonymous_3)","decl":{"start":{"line":110,"column":32},"end":{"line":110,"column":33}},"loc":{"start":{"line":110,"column":52},"end":{"line":159,"column":1}},"line":110},"4":{"name":"(anonymous_4)","decl":{"start":{"line":161,"column":32},"end":{"line":161,"column":33}},"loc":{"start":{"line":161,"column":52},"end":{"line":184,"column":1}},"line":161}},"branchMap":{"0":{"loc":{"start":{"line":14,"column":19},"end":{"line":14,"column":45}},"type":"binary-expr","locations":[{"start":{"line":14,"column":19},"end":{"line":14,"column":35}},{"start":{"line":14,"column":39},"end":{"line":14,"column":45}}],"line":14},"1":{"loc":{"start":{"line":15,"column":26},"end":{"line":15,"column":58}},"type":"binary-expr","locations":[{"start":{"line":15,"column":26},"end":{"line":15,"column":49}},{"start":{"line":15,"column":53},"end":{"line":15,"column":58}}],"line":15},"2":{"loc":{"start":{"line":17,"column":23},"end":{"line":17,"column":49}},"type":"binary-expr","locations":[{"start":{"line":17,"column":23},"end":{"line":17,"column":43}},{"start":{"line":17,"column":47},"end":{"line":17,"column":49}}],"line":17},"3":{"loc":{"start":{"line":36,"column":25},"end":{"line":36,"column":61}},"type":"binary-expr","locations":[{"start":{"line":36,"column":25},"end":{"line":36,"column":38}},{"start":{"line":36,"column":42},"end":{"line":36,"column":61}}],"line":36},"4":{"loc":{"start":{"line":56,"column":25},"end":{"line":56,"column":61}},"type":"binary-expr","locations":[{"start":{"line":56,"column":25},"end":{"line":56,"column":38}},{"start":{"line":56,"column":42},"end":{"line":56,"column":61}}],"line":56},"5":{"loc":{"start":{"line":77,"column":2},"end":{"line":82,"column":3}},"type":"if","locations":[{"start":{"line":77,"column":2},"end":{"line":82,"column":3}},{"start":{},"end":{}}],"line":77},"6":{"loc":{"start":{"line":77,"column":6},"end":{"line":77,"column":29}},"type":"binary-expr","locations":[{"start":{"line":77,"column":6},"end":{"line":77,"column":11}},{"start":{"line":77,"column":15},"end":{"line":77,"column":29}}],"line":77},"7":{"loc":{"start":{"line":105,"column":25},"end":{"line":105,"column":61}},"type":"binary-expr","locations":[{"start":{"line":105,"column":25},"end":{"line":105,"column":38}},{"start":{"line":105,"column":42},"end":{"line":105,"column":61}}],"line":105},"8":{"loc":{"start":{"line":128,"column":2},"end":{"line":133,"column":3}},"type":"if","locations":[{"start":{"line":128,"column":2},"end":{"line":133,"column":3}},{"start":{},"end":{}}],"line":128},"9":{"loc":{"start":{"line":128,"column":6},"end":{"line":128,"column":36}},"type":"binary-expr","locations":[{"start":{"line":128,"column":6},"end":{"line":128,"column":9}},{"start":{"line":128,"column":13},"end":{"line":128,"column":18}},{"start":{"line":128,"column":22},"end":{"line":128,"column":36}}],"line":128},"10":{"loc":{"start":{"line":156,"column":25},"end":{"line":156,"column":61}},"type":"binary-expr","locations":[{"start":{"line":156,"column":25},"end":{"line":156,"column":38}},{"start":{"line":156,"column":42},"end":{"line":156,"column":61}}],"line":156},"11":{"loc":{"start":{"line":165,"column":2},"end":{"line":170,"column":3}},"type":"if","locations":[{"start":{"line":165,"column":2},"end":{"line":170,"column":3}},{"start":{},"end":{}}],"line":165}},"s":{"0":1,"1":3,"2":3,"3":3,"4":3,"5":3,"6":3,"7":3,"8":2,"9":2,"10":2,"11":2,"12":1,"13":1,"14":1,"15":1,"16":1,"17":1,"18":2,"19":2,"20":2,"21":1,"22":1,"23":1,"24":1,"25":1,"26":1,"27":1,"28":1,"29":1,"30":1,"31":3,"32":3,"33":3,"34":1,"35":1,"36":1,"37":1,"38":2,"39":2,"40":1,"41":1,"42":1,"43":1,"44":1,"45":1,"46":1,"47":1,"48":1,"49":3,"50":3,"51":3,"52":3,"53":3,"54":1,"55":1,"56":1,"57":1,"58":2,"59":2,"60":1,"61":1,"62":1,"63":1,"64":1,"65":1,"66":1,"67":1,"68":1,"69":2,"70":2,"71":2,"72":0,"73":0,"74":0,"75":0,"76":2,"77":2,"78":1,"79":1,"80":1,"81":1,"82":1,"83":1,"84":1,"85":1},"f":{"0":3,"1":2,"2":3,"3":3,"4":2},"b":{"0":[3,1],"1":[3,1],"2":[3,2],"3":[1,0],"4":[1,0],"5":[1,2],"6":[3,2],"7":[1,0],"8":[1,2],"9":[3,3,2],"10":[1,0],"11":[0,2]},"_coverageSchema":"1a1c01bbd47fc00a2c39e90264f33305004495a9","hash":"d1fb63cb4bf700b74b30556404e52a8f42b87711"}
,"C:\\Users\\Yei\\dev\\gestionWebApp\\src\\repository\\SalesOrderHeader.repository.js": {"path":"C:\\Users\\Yei\\dev\\gestionWebApp\\src\\repository\\SalesOrderHeader.repository.js","statementMap":{"0":{"start":{"line":4,"column":48},"end":{"line":33,"column":1}},"1":{"start":{"line":5,"column":2},"end":{"line":32,"column":5}},"2":{"start":{"line":6,"column":16},"end":{"line":13,"column":5}},"3":{"start":{"line":15,"column":19},"end":{"line":15,"column":21}},"4":{"start":{"line":18,"column":4},"end":{"line":21,"column":5}},"5":{"start":{"line":19,"column":6},"end":{"line":19,"column":43}},"6":{"start":{"line":20,"column":6},"end":{"line":20,"column":30}},"7":{"start":{"line":23,"column":4},"end":{"line":31,"column":7}},"8":{"start":{"line":24,"column":6},"end":{"line":29,"column":7}},"9":{"start":{"line":25,"column":8},"end":{"line":25,"column":66}},"10":{"start":{"line":26,"column":8},"end":{"line":28,"column":10}},"11":{"start":{"line":30,"column":6},"end":{"line":30,"column":20}},"12":{"start":{"line":35,"column":48},"end":{"line":52,"column":1}},"13":{"start":{"line":36,"column":2},"end":{"line":51,"column":5}},"14":{"start":{"line":37,"column":24},"end":{"line":37,"column":85}},"15":{"start":{"line":39,"column":4},"end":{"line":50,"column":7}},"16":{"start":{"line":40,"column":6},"end":{"line":43,"column":7}},"17":{"start":{"line":41,"column":8},"end":{"line":41,"column":58}},"18":{"start":{"line":42,"column":8},"end":{"line":42,"column":64}},"19":{"start":{"line":45,"column":6},"end":{"line":47,"column":7}},"20":{"start":{"line":46,"column":8},"end":{"line":46,"column":75}},"21":{"start":{"line":49,"column":6},"end":{"line":49,"column":61}}},"fnMap":{"0":{"name":"(anonymous_0)","decl":{"start":{"line":4,"column":48},"end":{"line":4,"column":49}},"loc":{"start":{"line":4,"column":77},"end":{"line":33,"column":1}},"line":4},"1":{"name":"(anonymous_1)","decl":{"start":{"line":5,"column":21},"end":{"line":5,"column":22}},"loc":{"start":{"line":5,"column":42},"end":{"line":32,"column":3}},"line":5},"2":{"name":"(anonymous_2)","decl":{"start":{"line":23,"column":47},"end":{"line":23,"column":48}},"loc":{"start":{"line":23,"column":62},"end":{"line":31,"column":5}},"line":23},"3":{"name":"(anonymous_3)","decl":{"start":{"line":35,"column":48},"end":{"line":35,"column":49}},"loc":{"start":{"line":35,"column":62},"end":{"line":52,"column":1}},"line":35},"4":{"name":"(anonymous_4)","decl":{"start":{"line":36,"column":21},"end":{"line":36,"column":22}},"loc":{"start":{"line":36,"column":42},"end":{"line":51,"column":3}},"line":36},"5":{"name":"(anonymous_5)","decl":{"start":{"line":39,"column":51},"end":{"line":39,"column":52}},"loc":{"start":{"line":39,"column":68},"end":{"line":50,"column":5}},"line":39}},"branchMap":{"0":{"loc":{"start":{"line":4,"column":55},"end":{"line":4,"column":72}},"type":"default-arg","locations":[{"start":{"line":4,"column":68},"end":{"line":4,"column":72}}],"line":4},"1":{"loc":{"start":{"line":18,"column":4},"end":{"line":21,"column":5}},"type":"if","locations":[{"start":{"line":18,"column":4},"end":{"line":21,"column":5}},{"start":{},"end":{}}],"line":18},"2":{"loc":{"start":{"line":24,"column":6},"end":{"line":29,"column":7}},"type":"if","locations":[{"start":{"line":24,"column":6},"end":{"line":29,"column":7}},{"start":{},"end":{}}],"line":24},"3":{"loc":{"start":{"line":40,"column":6},"end":{"line":43,"column":7}},"type":"if","locations":[{"start":{"line":40,"column":6},"end":{"line":43,"column":7}},{"start":{},"end":{}}],"line":40},"4":{"loc":{"start":{"line":45,"column":6},"end":{"line":47,"column":7}},"type":"if","locations":[{"start":{"line":45,"column":6},"end":{"line":47,"column":7}},{"start":{},"end":{}}],"line":45}},"s":{"0":1,"1":3,"2":3,"3":3,"4":3,"5":1,"6":1,"7":3,"8":3,"9":1,"10":1,"11":2,"12":1,"13":3,"14":3,"15":3,"16":3,"17":1,"18":1,"19":2,"20":1,"21":1},"f":{"0":3,"1":3,"2":3,"3":3,"4":3,"5":3},"b":{"0":[2],"1":[1,2],"2":[1,2],"3":[1,2],"4":[1,1]},"_coverageSchema":"1a1c01bbd47fc00a2c39e90264f33305004495a9","hash":"8e6c4a90a6bc096ac3b545ddd6db7f42e71b5fbc"}
,"C:\\Users\\Yei\\dev\\gestionWebApp\\src\\repository\\customer.repository.js": {"path":"C:\\Users\\Yei\\dev\\gestionWebApp\\src\\repository\\customer.repository.js","statementMap":{"0":{"start":{"line":4,"column":41},"end":{"line":33,"column":1}},"1":{"start":{"line":9,"column":14},"end":{"line":9,"column":56}},"2":{"start":{"line":11,"column":17},"end":{"line":11,"column":19}},"3":{"start":{"line":14,"column":2},"end":{"line":17,"column":3}},"4":{"start":{"line":15,"column":4},"end":{"line":15,"column":58}},"5":{"start":{"line":16,"column":4},"end":{"line":16,"column":54}},"6":{"start":{"line":20,"column":2},"end":{"line":20,"column":64}},"7":{"start":{"line":22,"column":2},"end":{"line":32,"column":5}},"8":{"start":{"line":23,"column":4},"end":{"line":31,"column":7}},"9":{"start":{"line":24,"column":6},"end":{"line":29,"column":7}},"10":{"start":{"line":25,"column":8},"end":{"line":25,"column":59}},"11":{"start":{"line":26,"column":8},"end":{"line":28,"column":10}},"12":{"start":{"line":30,"column":6},"end":{"line":30,"column":20}},"13":{"start":{"line":35,"column":41},"end":{"line":50,"column":1}},"14":{"start":{"line":36,"column":2},"end":{"line":49,"column":5}},"15":{"start":{"line":37,"column":18},"end":{"line":37,"column":71}},"16":{"start":{"line":39,"column":4},"end":{"line":48,"column":7}},"17":{"start":{"line":40,"column":6},"end":{"line":45,"column":7}},"18":{"start":{"line":41,"column":8},"end":{"line":41,"column":58}},"19":{"start":{"line":42,"column":8},"end":{"line":44,"column":10}},"20":{"start":{"line":47,"column":6},"end":{"line":47,"column":48}},"21":{"start":{"line":52,"column":40},"end":{"line":118,"column":1}},"22":{"start":{"line":66,"column":2},"end":{"line":117,"column":5}},"23":{"start":{"line":68,"column":6},"end":{"line":68,"column":77}},"24":{"start":{"line":70,"column":4},"end":{"line":116,"column":7}},"25":{"start":{"line":71,"column":6},"end":{"line":76,"column":7}},"26":{"start":{"line":72,"column":8},"end":{"line":72,"column":70}},"27":{"start":{"line":73,"column":8},"end":{"line":75,"column":10}},"28":{"start":{"line":78,"column":6},"end":{"line":82,"column":7}},"29":{"start":{"line":79,"column":8},"end":{"line":81,"column":10}},"30":{"start":{"line":84,"column":26},"end":{"line":86,"column":52}},"31":{"start":{"line":88,"column":6},"end":{"line":115,"column":8}},"32":{"start":{"line":106,"column":10},"end":{"line":111,"column":11}},"33":{"start":{"line":107,"column":12},"end":{"line":107,"column":63}},"34":{"start":{"line":108,"column":12},"end":{"line":110,"column":14}},"35":{"start":{"line":113,"column":10},"end":{"line":113,"column":71}},"36":{"start":{"line":120,"column":40},"end":{"line":204,"column":1}},"37":{"start":{"line":135,"column":2},"end":{"line":203,"column":5}},"38":{"start":{"line":137,"column":23},"end":{"line":137,"column":92}},"39":{"start":{"line":139,"column":4},"end":{"line":202,"column":7}},"40":{"start":{"line":140,"column":6},"end":{"line":143,"column":7}},"41":{"start":{"line":141,"column":8},"end":{"line":141,"column":65}},"42":{"start":{"line":142,"column":8},"end":{"line":142,"column":76}},"43":{"start":{"line":146,"column":21},"end":{"line":146,"column":78}},"44":{"start":{"line":148,"column":6},"end":{"line":153,"column":7}},"45":{"start":{"line":149,"column":8},"end":{"line":151,"column":10}},"46":{"start":{"line":152,"column":8},"end":{"line":152,"column":77}},"47":{"start":{"line":156,"column":26},"end":{"line":170,"column":29}},"48":{"start":{"line":172,"column":21},"end":{"line":186,"column":7}},"49":{"start":{"line":188,"column":6},"end":{"line":201,"column":9}},"50":{"start":{"line":189,"column":8},"end":{"line":194,"column":9}},"51":{"start":{"line":190,"column":10},"end":{"line":190,"column":69}},"52":{"start":{"line":191,"column":10},"end":{"line":193,"column":12}},"53":{"start":{"line":197,"column":8},"end":{"line":200,"column":11}},"54":{"start":{"line":206,"column":40},"end":{"line":223,"column":1}},"55":{"start":{"line":207,"column":2},"end":{"line":222,"column":5}},"56":{"start":{"line":208,"column":24},"end":{"line":208,"column":75}},"57":{"start":{"line":210,"column":4},"end":{"line":221,"column":7}},"58":{"start":{"line":211,"column":6},"end":{"line":214,"column":7}},"59":{"start":{"line":212,"column":8},"end":{"line":212,"column":59}},"60":{"start":{"line":213,"column":8},"end":{"line":213,"column":65}},"61":{"start":{"line":216,"column":6},"end":{"line":218,"column":7}},"62":{"start":{"line":217,"column":8},"end":{"line":217,"column":76}},"63":{"start":{"line":220,"column":6},"end":{"line":220,"column":62}}},"fnMap":{"0":{"name":"(anonymous_0)","decl":{"start":{"line":4,"column":41},"end":{"line":4,"column":42}},"loc":{"start":{"line":8,"column":5},"end":{"line":33,"column":1}},"line":8},"1":{"name":"(anonymous_1)","decl":{"start":{"line":22,"column":21},"end":{"line":22,"column":22}},"loc":{"start":{"line":22,"column":42},"end":{"line":32,"column":3}},"line":22},"2":{"name":"(anonymous_2)","decl":{"start":{"line":23,"column":47},"end":{"line":23,"column":48}},"loc":{"start":{"line":23,"column":62},"end":{"line":31,"column":5}},"line":23},"3":{"name":"(anonymous_3)","decl":{"start":{"line":35,"column":41},"end":{"line":35,"column":42}},"loc":{"start":{"line":35,"column":55},"end":{"line":50,"column":1}},"line":35},"4":{"name":"(anonymous_4)","decl":{"start":{"line":36,"column":21},"end":{"line":36,"column":22}},"loc":{"start":{"line":36,"column":42},"end":{"line":49,"column":3}},"line":36},"5":{"name":"(anonymous_5)","decl":{"start":{"line":39,"column":45},"end":{"line":39,"column":46}},"loc":{"start":{"line":39,"column":60},"end":{"line":48,"column":5}},"line":39},"6":{"name":"(anonymous_6)","decl":{"start":{"line":52,"column":40},"end":{"line":52,"column":41}},"loc":{"start":{"line":65,"column":5},"end":{"line":118,"column":1}},"line":65},"7":{"name":"(anonymous_7)","decl":{"start":{"line":66,"column":21},"end":{"line":66,"column":22}},"loc":{"start":{"line":66,"column":42},"end":{"line":117,"column":3}},"line":66},"8":{"name":"(anonymous_8)","decl":{"start":{"line":70,"column":60},"end":{"line":70,"column":61}},"loc":{"start":{"line":70,"column":77},"end":{"line":116,"column":5}},"line":70},"9":{"name":"(anonymous_9)","decl":{"start":{"line":105,"column":8},"end":{"line":105,"column":9}},"loc":{"start":{"line":105,"column":25},"end":{"line":114,"column":9}},"line":105},"10":{"name":"(anonymous_10)","decl":{"start":{"line":120,"column":40},"end":{"line":120,"column":41}},"loc":{"start":{"line":134,"column":5},"end":{"line":204,"column":1}},"line":134},"11":{"name":"(anonymous_11)","decl":{"start":{"line":135,"column":21},"end":{"line":135,"column":22}},"loc":{"start":{"line":135,"column":42},"end":{"line":203,"column":3}},"line":135},"12":{"name":"(anonymous_12)","decl":{"start":{"line":139,"column":50},"end":{"line":139,"column":51}},"loc":{"start":{"line":139,"column":77},"end":{"line":202,"column":5}},"line":139},"13":{"name":"(anonymous_13)","decl":{"start":{"line":188,"column":55},"end":{"line":188,"column":56}},"loc":{"start":{"line":188,"column":70},"end":{"line":201,"column":7}},"line":188},"14":{"name":"(anonymous_14)","decl":{"start":{"line":206,"column":40},"end":{"line":206,"column":41}},"loc":{"start":{"line":206,"column":54},"end":{"line":223,"column":1}},"line":206},"15":{"name":"(anonymous_15)","decl":{"start":{"line":207,"column":21},"end":{"line":207,"column":22}},"loc":{"start":{"line":207,"column":42},"end":{"line":222,"column":3}},"line":207},"16":{"name":"(anonymous_16)","decl":{"start":{"line":210,"column":51},"end":{"line":210,"column":52}},"loc":{"start":{"line":210,"column":68},"end":{"line":221,"column":5}},"line":210}},"branchMap":{"0":{"loc":{"start":{"line":5,"column":2},"end":{"line":5,"column":22}},"type":"default-arg","locations":[{"start":{"line":5,"column":11},"end":{"line":5,"column":22}}],"line":5},"1":{"loc":{"start":{"line":6,"column":2},"end":{"line":6,"column":23}},"type":"default-arg","locations":[{"start":{"line":6,"column":18},"end":{"line":6,"column":23}}],"line":6},"2":{"loc":{"start":{"line":7,"column":2},"end":{"line":7,"column":17}},"type":"default-arg","locations":[{"start":{"line":7,"column":15},"end":{"line":7,"column":17}}],"line":7},"3":{"loc":{"start":{"line":14,"column":2},"end":{"line":17,"column":3}},"type":"if","locations":[{"start":{"line":14,"column":2},"end":{"line":17,"column":3}},{"start":{},"end":{}}],"line":14},"4":{"loc":{"start":{"line":24,"column":6},"end":{"line":29,"column":7}},"type":"if","locations":[{"start":{"line":24,"column":6},"end":{"line":29,"column":7}},{"start":{},"end":{}}],"line":24},"5":{"loc":{"start":{"line":40,"column":6},"end":{"line":45,"column":7}},"type":"if","locations":[{"start":{"line":40,"column":6},"end":{"line":45,"column":7}},{"start":{},"end":{}}],"line":40},"6":{"loc":{"start":{"line":47,"column":14},"end":{"line":47,"column":46}},"type":"cond-expr","locations":[{"start":{"line":47,"column":32},"end":{"line":47,"column":39}},{"start":{"line":47,"column":42},"end":{"line":47,"column":46}}],"line":47},"7":{"loc":{"start":{"line":71,"column":6},"end":{"line":76,"column":7}},"type":"if","locations":[{"start":{"line":71,"column":6},"end":{"line":76,"column":7}},{"start":{},"end":{}}],"line":71},"8":{"loc":{"start":{"line":78,"column":6},"end":{"line":82,"column":7}},"type":"if","locations":[{"start":{"line":78,"column":6},"end":{"line":82,"column":7}},{"start":{},"end":{}}],"line":78},"9":{"loc":{"start":{"line":106,"column":10},"end":{"line":111,"column":11}},"type":"if","locations":[{"start":{"line":106,"column":10},"end":{"line":111,"column":11}},{"start":{},"end":{}}],"line":106},"10":{"loc":{"start":{"line":140,"column":6},"end":{"line":143,"column":7}},"type":"if","locations":[{"start":{"line":140,"column":6},"end":{"line":143,"column":7}},{"start":{},"end":{}}],"line":140},"11":{"loc":{"start":{"line":146,"column":21},"end":{"line":146,"column":78}},"type":"binary-expr","locations":[{"start":{"line":146,"column":21},"end":{"line":146,"column":32}},{"start":{"line":146,"column":36},"end":{"line":146,"column":50}},{"start":{"line":146,"column":54},"end":{"line":146,"column":78}}],"line":146},"12":{"loc":{"start":{"line":148,"column":6},"end":{"line":153,"column":7}},"type":"if","locations":[{"start":{"line":148,"column":6},"end":{"line":153,"column":7}},{"start":{},"end":{}}],"line":148},"13":{"loc":{"start":{"line":189,"column":8},"end":{"line":194,"column":9}},"type":"if","locations":[{"start":{"line":189,"column":8},"end":{"line":194,"column":9}},{"start":{},"end":{}}],"line":189},"14":{"loc":{"start":{"line":211,"column":6},"end":{"line":214,"column":7}},"type":"if","locations":[{"start":{"line":211,"column":6},"end":{"line":214,"column":7}},{"start":{},"end":{}}],"line":211},"15":{"loc":{"start":{"line":216,"column":6},"end":{"line":218,"column":7}},"type":"if","locations":[{"start":{"line":216,"column":6},"end":{"line":218,"column":7}},{"start":{},"end":{}}],"line":216}},"s":{"0":1,"1":3,"2":3,"3":3,"4":1,"5":1,"6":3,"7":3,"8":3,"9":3,"10":1,"11":1,"12":2,"13":1,"14":3,"15":3,"16":3,"17":3,"18":1,"19":1,"20":2,"21":1,"22":2,"23":2,"24":2,"25":2,"26":0,"27":0,"28":2,"29":1,"30":1,"31":1,"32":1,"33":0,"34":0,"35":1,"36":1,"37":2,"38":2,"39":2,"40":2,"41":0,"42":0,"43":2,"44":2,"45":1,"46":1,"47":1,"48":1,"49":1,"50":1,"51":0,"52":0,"53":1,"54":1,"55":3,"56":3,"57":3,"58":3,"59":1,"60":1,"61":2,"62":1,"63":1},"f":{"0":3,"1":3,"2":3,"3":3,"4":3,"5":3,"6":2,"7":2,"8":2,"9":1,"10":2,"11":2,"12":2,"13":1,"14":3,"15":3,"16":3},"b":{"0":[2],"1":[2],"2":[2],"3":[1,2],"4":[1,2],"5":[1,2],"6":[1,1],"7":[0,2],"8":[1,1],"9":[0,1],"10":[0,2],"11":[2,2,2],"12":[1,1],"13":[0,1],"14":[1,2],"15":[1,1]},"_coverageSchema":"1a1c01bbd47fc00a2c39e90264f33305004495a9","hash":"56d71881a5d462077b571bd4cf2b57bfdaa167d4"}
,"C:\\Users\\Yei\\dev\\gestionWebApp\\src\\repository\\products.repository.js": {"path":"C:\\Users\\Yei\\dev\\gestionWebApp\\src\\repository\\products.repository.js","statementMap":{"0":{"start":{"line":4,"column":40},"end":{"line":48,"column":1}},"1":{"start":{"line":10,"column":14},"end":{"line":10,"column":55}},"2":{"start":{"line":12,"column":17},"end":{"line":12,"column":19}},"3":{"start":{"line":15,"column":2},"end":{"line":18,"column":3}},"4":{"start":{"line":16,"column":4},"end":{"line":16,"column":32}},"5":{"start":{"line":17,"column":4},"end":{"line":17,"column":35}},"6":{"start":{"line":21,"column":2},"end":{"line":24,"column":3}},"7":{"start":{"line":22,"column":4},"end":{"line":22,"column":42}},"8":{"start":{"line":23,"column":4},"end":{"line":23,"column":28}},"9":{"start":{"line":27,"column":20},"end":{"line":27,"column":75}},"10":{"start":{"line":29,"column":2},"end":{"line":40,"column":3}},"11":{"start":{"line":31,"column":6},"end":{"line":31,"column":50}},"12":{"start":{"line":32,"column":6},"end":{"line":32,"column":12}},"13":{"start":{"line":34,"column":6},"end":{"line":34,"column":53}},"14":{"start":{"line":35,"column":6},"end":{"line":35,"column":12}},"15":{"start":{"line":38,"column":6},"end":{"line":38,"column":45}},"16":{"start":{"line":39,"column":6},"end":{"line":39,"column":12}},"17":{"start":{"line":42,"column":2},"end":{"line":47,"column":3}},"18":{"start":{"line":43,"column":4},"end":{"line":43,"column":46}},"19":{"start":{"line":45,"column":4},"end":{"line":45,"column":68}},"20":{"start":{"line":46,"column":4},"end":{"line":46,"column":16}},"21":{"start":{"line":50,"column":39},"end":{"line":59,"column":1}},"22":{"start":{"line":51,"column":16},"end":{"line":51,"column":77}},"23":{"start":{"line":53,"column":2},"end":{"line":58,"column":3}},"24":{"start":{"line":54,"column":4},"end":{"line":54,"column":38}},"25":{"start":{"line":56,"column":4},"end":{"line":56,"column":70}},"26":{"start":{"line":57,"column":4},"end":{"line":57,"column":16}},"27":{"start":{"line":61,"column":39},"end":{"line":121,"column":1}},"28":{"start":{"line":73,"column":2},"end":{"line":120,"column":5}},"29":{"start":{"line":75,"column":6},"end":{"line":75,"column":68}},"30":{"start":{"line":77,"column":4},"end":{"line":119,"column":7}},"31":{"start":{"line":78,"column":6},"end":{"line":83,"column":7}},"32":{"start":{"line":79,"column":8},"end":{"line":79,"column":70}},"33":{"start":{"line":80,"column":8},"end":{"line":82,"column":10}},"34":{"start":{"line":85,"column":6},"end":{"line":87,"column":7}},"35":{"start":{"line":86,"column":8},"end":{"line":86,"column":78}},"36":{"start":{"line":89,"column":26},"end":{"line":91,"column":46}},"37":{"start":{"line":93,"column":6},"end":{"line":118,"column":8}},"38":{"start":{"line":109,"column":10},"end":{"line":114,"column":11}},"39":{"start":{"line":110,"column":12},"end":{"line":110,"column":64}},"40":{"start":{"line":111,"column":12},"end":{"line":113,"column":14}},"41":{"start":{"line":116,"column":10},"end":{"line":116,"column":72}},"42":{"start":{"line":123,"column":39},"end":{"line":198,"column":1}},"43":{"start":{"line":135,"column":2},"end":{"line":197,"column":5}},"44":{"start":{"line":137,"column":23},"end":{"line":137,"column":90}},"45":{"start":{"line":139,"column":4},"end":{"line":196,"column":7}},"46":{"start":{"line":140,"column":6},"end":{"line":143,"column":7}},"47":{"start":{"line":141,"column":8},"end":{"line":141,"column":66}},"48":{"start":{"line":142,"column":8},"end":{"line":142,"column":77}},"49":{"start":{"line":146,"column":21},"end":{"line":146,"column":78}},"50":{"start":{"line":148,"column":6},"end":{"line":153,"column":7}},"51":{"start":{"line":149,"column":8},"end":{"line":151,"column":10}},"52":{"start":{"line":152,"column":8},"end":{"line":152,"column":78}},"53":{"start":{"line":156,"column":26},"end":{"line":167,"column":28}},"54":{"start":{"line":169,"column":21},"end":{"line":180,"column":7}},"55":{"start":{"line":182,"column":6},"end":{"line":195,"column":9}},"56":{"start":{"line":183,"column":8},"end":{"line":188,"column":9}},"57":{"start":{"line":184,"column":10},"end":{"line":184,"column":70}},"58":{"start":{"line":185,"column":10},"end":{"line":187,"column":12}},"59":{"start":{"line":191,"column":8},"end":{"line":194,"column":11}},"60":{"start":{"line":200,"column":39},"end":{"line":217,"column":1}},"61":{"start":{"line":201,"column":2},"end":{"line":216,"column":5}},"62":{"start":{"line":202,"column":24},"end":{"line":202,"column":73}},"63":{"start":{"line":204,"column":4},"end":{"line":215,"column":7}},"64":{"start":{"line":205,"column":6},"end":{"line":208,"column":7}},"65":{"start":{"line":206,"column":8},"end":{"line":206,"column":60}},"66":{"start":{"line":207,"column":8},"end":{"line":207,"column":66}},"67":{"start":{"line":210,"column":6},"end":{"line":212,"column":7}},"68":{"start":{"line":211,"column":8},"end":{"line":211,"column":77}},"69":{"start":{"line":214,"column":6},"end":{"line":214,"column":63}}},"fnMap":{"0":{"name":"(anonymous_0)","decl":{"start":{"line":4,"column":40},"end":{"line":4,"column":41}},"loc":{"start":{"line":9,"column":5},"end":{"line":48,"column":1}},"line":9},"1":{"name":"(anonymous_1)","decl":{"start":{"line":50,"column":39},"end":{"line":50,"column":40}},"loc":{"start":{"line":50,"column":51},"end":{"line":59,"column":1}},"line":50},"2":{"name":"(anonymous_2)","decl":{"start":{"line":61,"column":39},"end":{"line":61,"column":40}},"loc":{"start":{"line":72,"column":5},"end":{"line":121,"column":1}},"line":72},"3":{"name":"(anonymous_3)","decl":{"start":{"line":73,"column":21},"end":{"line":73,"column":22}},"loc":{"start":{"line":73,"column":42},"end":{"line":120,"column":3}},"line":73},"4":{"name":"(anonymous_4)","decl":{"start":{"line":77,"column":52},"end":{"line":77,"column":53}},"loc":{"start":{"line":77,"column":69},"end":{"line":119,"column":5}},"line":77},"5":{"name":"(anonymous_5)","decl":{"start":{"line":108,"column":8},"end":{"line":108,"column":9}},"loc":{"start":{"line":108,"column":25},"end":{"line":117,"column":9}},"line":108},"6":{"name":"(anonymous_6)","decl":{"start":{"line":123,"column":39},"end":{"line":123,"column":40}},"loc":{"start":{"line":134,"column":5},"end":{"line":198,"column":1}},"line":134},"7":{"name":"(anonymous_7)","decl":{"start":{"line":135,"column":21},"end":{"line":135,"column":22}},"loc":{"start":{"line":135,"column":42},"end":{"line":197,"column":3}},"line":135},"8":{"name":"(anonymous_8)","decl":{"start":{"line":139,"column":50},"end":{"line":139,"column":51}},"loc":{"start":{"line":139,"column":77},"end":{"line":196,"column":5}},"line":139},"9":{"name":"(anonymous_9)","decl":{"start":{"line":182,"column":55},"end":{"line":182,"column":56}},"loc":{"start":{"line":182,"column":70},"end":{"line":195,"column":7}},"line":182},"10":{"name":"(anonymous_10)","decl":{"start":{"line":200,"column":39},"end":{"line":200,"column":40}},"loc":{"start":{"line":200,"column":53},"end":{"line":217,"column":1}},"line":200},"11":{"name":"(anonymous_11)","decl":{"start":{"line":201,"column":21},"end":{"line":201,"column":22}},"loc":{"start":{"line":201,"column":42},"end":{"line":216,"column":3}},"line":201},"12":{"name":"(anonymous_12)","decl":{"start":{"line":204,"column":51},"end":{"line":204,"column":52}},"loc":{"start":{"line":204,"column":68},"end":{"line":215,"column":5}},"line":204}},"branchMap":{"0":{"loc":{"start":{"line":5,"column":2},"end":{"line":5,"column":17}},"type":"default-arg","locations":[{"start":{"line":5,"column":11},"end":{"line":5,"column":17}}],"line":5},"1":{"loc":{"start":{"line":6,"column":2},"end":{"line":6,"column":23}},"type":"default-arg","locations":[{"start":{"line":6,"column":18},"end":{"line":6,"column":23}}],"line":6},"2":{"loc":{"start":{"line":7,"column":2},"end":{"line":7,"column":19}},"type":"default-arg","locations":[{"start":{"line":7,"column":15},"end":{"line":7,"column":19}}],"line":7},"3":{"loc":{"start":{"line":8,"column":2},"end":{"line":8,"column":17}},"type":"default-arg","locations":[{"start":{"line":8,"column":15},"end":{"line":8,"column":17}}],"line":8},"4":{"loc":{"start":{"line":15,"column":2},"end":{"line":18,"column":3}},"type":"if","locations":[{"start":{"line":15,"column":2},"end":{"line":18,"column":3}},{"start":{},"end":{}}],"line":15},"5":{"loc":{"start":{"line":21,"column":2},"end":{"line":24,"column":3}},"type":"if","locations":[{"start":{"line":21,"column":2},"end":{"line":24,"column":3}},{"start":{},"end":{}}],"line":21},"6":{"loc":{"start":{"line":27,"column":20},"end":{"line":27,"column":75}},"type":"cond-expr","locations":[{"start":{"line":27,"column":61},"end":{"line":27,"column":67}},{"start":{"line":27,"column":70},"end":{"line":27,"column":75}}],"line":27},"7":{"loc":{"start":{"line":29,"column":2},"end":{"line":40,"column":3}},"type":"switch","locations":[{"start":{"line":30,"column":4},"end":{"line":32,"column":12}},{"start":{"line":33,"column":4},"end":{"line":35,"column":12}},{"start":{"line":36,"column":4},"end":{"line":36,"column":16}},{"start":{"line":37,"column":4},"end":{"line":39,"column":12}}],"line":29},"8":{"loc":{"start":{"line":78,"column":6},"end":{"line":83,"column":7}},"type":"if","locations":[{"start":{"line":78,"column":6},"end":{"line":83,"column":7}},{"start":{},"end":{}}],"line":78},"9":{"loc":{"start":{"line":85,"column":6},"end":{"line":87,"column":7}},"type":"if","locations":[{"start":{"line":85,"column":6},"end":{"line":87,"column":7}},{"start":{},"end":{}}],"line":85},"10":{"loc":{"start":{"line":109,"column":10},"end":{"line":114,"column":11}},"type":"if","locations":[{"start":{"line":109,"column":10},"end":{"line":114,"column":11}},{"start":{},"end":{}}],"line":109},"11":{"loc":{"start":{"line":140,"column":6},"end":{"line":143,"column":7}},"type":"if","locations":[{"start":{"line":140,"column":6},"end":{"line":143,"column":7}},{"start":{},"end":{}}],"line":140},"12":{"loc":{"start":{"line":146,"column":21},"end":{"line":146,"column":78}},"type":"binary-expr","locations":[{"start":{"line":146,"column":21},"end":{"line":146,"column":32}},{"start":{"line":146,"column":36},"end":{"line":146,"column":50}},{"start":{"line":146,"column":54},"end":{"line":146,"column":78}}],"line":146},"13":{"loc":{"start":{"line":148,"column":6},"end":{"line":153,"column":7}},"type":"if","locations":[{"start":{"line":148,"column":6},"end":{"line":153,"column":7}},{"start":{},"end":{}}],"line":148},"14":{"loc":{"start":{"line":183,"column":8},"end":{"line":188,"column":9}},"type":"if","locations":[{"start":{"line":183,"column":8},"end":{"line":188,"column":9}},{"start":{},"end":{}}],"line":183},"15":{"loc":{"start":{"line":205,"column":6},"end":{"line":208,"column":7}},"type":"if","locations":[{"start":{"line":205,"column":6},"end":{"line":208,"column":7}},{"start":{},"end":{}}],"line":205},"16":{"loc":{"start":{"line":210,"column":6},"end":{"line":212,"column":7}},"type":"if","locations":[{"start":{"line":210,"column":6},"end":{"line":212,"column":7}},{"start":{},"end":{}}],"line":210}},"s":{"0":1,"1":4,"2":4,"3":4,"4":1,"5":1,"6":4,"7":1,"8":1,"9":4,"10":4,"11":0,"12":0,"13":0,"14":0,"15":4,"16":4,"17":4,"18":4,"19":1,"20":1,"21":1,"22":2,"23":2,"24":2,"25":1,"26":1,"27":1,"28":3,"29":3,"30":3,"31":3,"32":1,"33":1,"34":2,"35":1,"36":1,"37":1,"38":1,"39":0,"40":0,"41":1,"42":1,"43":3,"44":3,"45":3,"46":3,"47":1,"48":1,"49":2,"50":2,"51":1,"52":1,"53":1,"54":1,"55":1,"56":1,"57":0,"58":0,"59":1,"60":1,"61":3,"62":3,"63":3,"64":3,"65":1,"66":1,"67":2,"68":1,"69":1},"f":{"0":4,"1":2,"2":3,"3":3,"4":3,"5":1,"6":3,"7":3,"8":3,"9":1,"10":3,"11":3,"12":3},"b":{"0":[2],"1":[2],"2":[2],"3":[3],"4":[1,3],"5":[1,3],"6":[0,4],"7":[0,0,4,4],"8":[1,2],"9":[1,1],"10":[0,1],"11":[1,2],"12":[2,2,2],"13":[1,1],"14":[0,1],"15":[1,2],"16":[1,1]},"_coverageSchema":"1a1c01bbd47fc00a2c39e90264f33305004495a9","hash":"47868aacfed73ae89e60fdc1763f168e99337bba"}
,"C:\\Users\\Yei\\dev\\gestionWebApp\\src\\routes\\SalesOrderHeader.routes.js": {"path":"C:\\Users\\Yei\\dev\\gestionWebApp\\src\\routes\\SalesOrderHeader.routes.js","statementMap":{"0":{"start":{"line":4,"column":12},"end":{"line":4,"column":28}},"1":{"start":{"line":6,"column":0},"end":{"line":6,"column":90}},"2":{"start":{"line":7,"column":0},"end":{"line":7,"column":97}}},"fnMap":{},"branchMap":{},"s":{"0":1,"1":1,"2":1},"f":{},"b":{},"_coverageSchema":"1a1c01bbd47fc00a2c39e90264f33305004495a9","hash":"07ece6ba02e68c68482b1ba2ea83f5e625b2cdc1"}
,"C:\\Users\\Yei\\dev\\gestionWebApp\\src\\routes\\customer.routes.js": {"path":"C:\\Users\\Yei\\dev\\gestionWebApp\\src\\routes\\customer.routes.js","statementMap":{"0":{"start":{"line":4,"column":12},"end":{"line":4,"column":28}},"1":{"start":{"line":6,"column":0},"end":{"line":6,"column":55}},"2":{"start":{"line":7,"column":0},"end":{"line":7,"column":68}},"3":{"start":{"line":8,"column":0},"end":{"line":8,"column":71}},"4":{"start":{"line":9,"column":0},"end":{"line":9,"column":74}}},"fnMap":{},"branchMap":{},"s":{"0":1,"1":1,"2":1,"3":1,"4":1},"f":{},"b":{},"_coverageSchema":"1a1c01bbd47fc00a2c39e90264f33305004495a9","hash":"ead2c3ae23cf48336871bf51472422798fd9307c"}
,"C:\\Users\\Yei\\dev\\gestionWebApp\\src\\routes\\products.routes.js": {"path":"C:\\Users\\Yei\\dev\\gestionWebApp\\src\\routes\\products.routes.js","statementMap":{"0":{"start":{"line":4,"column":12},"end":{"line":4,"column":28}},"1":{"start":{"line":6,"column":0},"end":{"line":6,"column":65}},"2":{"start":{"line":7,"column":0},"end":{"line":7,"column":65}},"3":{"start":{"line":8,"column":0},"end":{"line":8,"column":68}},"4":{"start":{"line":9,"column":0},"end":{"line":9,"column":71}},"5":{"start":{"line":10,"column":0},"end":{"line":10,"column":78}}},"fnMap":{},"branchMap":{},"s":{"0":1,"1":1,"2":1,"3":1,"4":1,"5":1},"f":{},"b":{},"_coverageSchema":"1a1c01bbd47fc00a2c39e90264f33305004495a9","hash":"2633427d3b0c86e08004f579d6e2eb1f85bbd16e"}
,"C:\\Users\\Yei\\dev\\gestionWebApp\\src\\utils\\response.js": {"path":"C:\\Users\\Yei\\dev\\gestionWebApp\\src\\utils\\response.js","statementMap":{"0":{"start":{"line":1,"column":24},"end":{"line":5,"column":1}}},"fnMap":{},"branchMap":{},"s":{"0":3},"f":{},"b":{},"_coverageSchema":"1a1c01bbd47fc00a2c39e90264f33305004495a9","hash":"65e79ce6216a19b30d2a3e5014a67d3314f118f8"}
}
