TN:
SF:src\index.js
FN:25,(anonymous_0)
FNF:1
FNH:0
FNDA:0,(anonymous_0)
DA:9,0
DA:10,0
DA:11,0
DA:14,0
DA:17,0
DA:18,0
DA:21,0
DA:22,0
DA:23,0
DA:25,0
DA:26,0
LF:11
LH:0
BRDA:11,0,0,0
BRDA:11,0,1,0
BRF:2
BRH:0
end_of_record
TN:
SF:src\controllers\SalesOrderHeader.Controller.js
FN:7,(anonymous_0)
FN:31,(anonymous_1)
FNF:2
FNH:2
FNDA:2,(anonymous_0)
FNDA:2,(anonymous_1)
DA:7,1
DA:8,2
DA:10,2
DA:12,2
DA:13,2
DA:15,1
DA:16,1
DA:19,1
DA:21,1
DA:23,1
DA:24,1
DA:25,1
DA:27,1
DA:31,1
DA:32,2
DA:33,2
DA:35,2
DA:36,0
DA:37,0
DA:38,0
DA:39,0
DA:42,2
DA:43,2
DA:44,1
DA:45,1
DA:46,1
DA:47,1
DA:49,1
DA:50,1
DA:51,1
DA:52,1
LF:31
LH:27
BRDA:12,0,0,2
BRDA:12,0,1,2
BRDA:16,1,0,0
BRDA:16,1,1,1
BRDA:25,2,0,1
BRDA:25,2,1,0
BRDA:35,3,0,0
BRDA:35,3,1,2
BRF:8
BRH:5
end_of_record
TN:
SF:src\controllers\customer.controllers.js
FN:9,(anonymous_0)
FN:69,(anonymous_1)
FN:94,(anonymous_2)
FN:151,(anonymous_3)
FNF:4
FNH:4
FNDA:3,(anonymous_0)
FNDA:1,(anonymous_1)
FNDA:2,(anonymous_2)
FNDA:2,(anonymous_3)
DA:9,1
DA:10,3
DA:26,3
DA:29,3
DA:30,1
DA:31,1
DA:32,1
DA:34,1
DA:37,2
DA:39,2
DA:55,1
DA:56,1
DA:57,1
DA:58,1
DA:61,1
DA:62,1
DA:63,1
DA:64,1
DA:65,1
DA:69,1
DA:70,1
DA:71,1
DA:72,1
DA:73,1
DA:75,1
DA:80,1
DA:86,0
DA:87,0
DA:94,1
DA:95,2
DA:109,2
DA:111,2
DA:112,2
DA:114,2
DA:115,1
DA:116,1
DA:117,1
DA:119,1
DA:122,1
DA:123,1
DA:139,1
DA:140,1
DA:141,1
DA:142,1
DA:144,0
DA:145,0
DA:146,0
DA:147,0
DA:151,1
DA:152,2
DA:153,2
DA:155,2
DA:156,1
DA:157,1
DA:158,1
DA:159,1
DA:162,1
DA:163,1
DA:164,1
DA:165,1
DA:166,1
DA:167,1
DA:169,0
DA:170,0
DA:171,0
DA:172,0
LF:66
LH:56
BRDA:29,0,0,1
BRDA:29,0,1,2
BRDA:29,1,0,3
BRDA:29,1,1,2
BRDA:29,1,2,2
BRDA:64,2,0,1
BRDA:64,2,1,0
BRDA:71,3,0,1
BRDA:71,3,1,0
BRDA:72,4,0,1
BRDA:72,4,1,0
BRDA:73,5,0,1
BRDA:73,5,1,0
BRDA:114,6,0,1
BRDA:114,6,1,1
BRDA:114,7,0,2
BRDA:114,7,1,2
BRDA:114,7,2,1
BRDA:114,7,3,1
BRDA:146,8,0,0
BRDA:146,8,1,0
BRDA:155,9,0,1
BRDA:155,9,1,1
BRDA:155,10,0,2
BRDA:155,10,1,2
BRDA:155,10,2,1
BRF:26
BRH:20
end_of_record
TN:
SF:src\controllers\products.controllers.js
FN:10,(anonymous_0)
FN:42,(anonymous_1)
FN:62,(anonymous_2)
FN:110,(anonymous_3)
FN:161,(anonymous_4)
FNF:5
FNH:5
FNDA:3,(anonymous_0)
FNDA:2,(anonymous_1)
FNDA:3,(anonymous_2)
FNDA:3,(anonymous_3)
FNDA:2,(anonymous_4)
DA:10,1
DA:11,3
DA:12,3
DA:14,3
DA:15,3
DA:16,3
DA:17,3
DA:20,3
DA:27,2
DA:28,2
DA:29,2
DA:31,2
DA:33,1
DA:34,1
DA:35,1
DA:36,1
DA:38,1
DA:42,1
DA:43,2
DA:44,2
DA:45,2
DA:47,1
DA:48,1
DA:49,1
DA:51,1
DA:53,1
DA:54,1
DA:55,1
DA:56,1
DA:58,1
DA:62,1
DA:63,3
DA:75,3
DA:77,3
DA:78,1
DA:79,1
DA:80,1
DA:81,1
DA:84,2
DA:85,2
DA:98,1
DA:99,1
DA:100,1
DA:101,1
DA:103,1
DA:104,1
DA:105,1
DA:106,1
DA:110,1
DA:111,3
DA:122,3
DA:124,3
DA:125,3
DA:128,3
DA:129,1
DA:130,1
DA:131,1
DA:132,1
DA:135,2
DA:136,2
DA:149,1
DA:150,1
DA:151,1
DA:152,1
DA:154,1
DA:155,1
DA:156,1
DA:157,1
DA:161,1
DA:162,2
DA:163,2
DA:165,2
DA:166,0
DA:167,0
DA:168,0
DA:169,0
DA:172,2
DA:173,2
DA:174,1
DA:175,1
DA:176,1
DA:177,1
DA:179,1
DA:180,1
DA:181,1
DA:182,1
LF:86
LH:82
BRDA:14,0,0,3
BRDA:14,0,1,1
BRDA:15,1,0,3
BRDA:15,1,1,1
BRDA:17,2,0,3
BRDA:17,2,1,2
BRDA:36,3,0,1
BRDA:36,3,1,0
BRDA:56,4,0,1
BRDA:56,4,1,0
BRDA:77,5,0,1
BRDA:77,5,1,2
BRDA:77,6,0,3
BRDA:77,6,1,2
BRDA:105,7,0,1
BRDA:105,7,1,0
BRDA:128,8,0,1
BRDA:128,8,1,2
BRDA:128,9,0,3
BRDA:128,9,1,3
BRDA:128,9,2,2
BRDA:156,10,0,1
BRDA:156,10,1,0
BRDA:165,11,0,0
BRDA:165,11,1,2
BRF:25
BRH:20
end_of_record
TN:
SF:src\repository\SalesOrderHeader.repository.js
FN:4,(anonymous_0)
FN:5,(anonymous_1)
FN:23,(anonymous_2)
FN:35,(anonymous_3)
FN:36,(anonymous_4)
FN:39,(anonymous_5)
FNF:6
FNH:6
FNDA:3,(anonymous_0)
FNDA:3,(anonymous_1)
FNDA:3,(anonymous_2)
FNDA:3,(anonymous_3)
FNDA:3,(anonymous_4)
FNDA:3,(anonymous_5)
DA:4,1
DA:5,3
DA:6,3
DA:15,3
DA:18,3
DA:19,1
DA:20,1
DA:23,3
DA:24,3
DA:25,1
DA:26,1
DA:30,2
DA:35,1
DA:36,3
DA:37,3
DA:39,3
DA:40,3
DA:41,1
DA:42,1
DA:45,2
DA:46,1
DA:49,1
LF:22
LH:22
BRDA:4,0,0,2
BRDA:18,1,0,1
BRDA:18,1,1,2
BRDA:24,2,0,1
BRDA:24,2,1,2
BRDA:40,3,0,1
BRDA:40,3,1,2
BRDA:45,4,0,1
BRDA:45,4,1,1
BRF:9
BRH:9
end_of_record
TN:
SF:src\repository\customer.repository.js
FN:4,(anonymous_0)
FN:22,(anonymous_1)
FN:23,(anonymous_2)
FN:35,(anonymous_3)
FN:36,(anonymous_4)
FN:39,(anonymous_5)
FN:52,(anonymous_6)
FN:66,(anonymous_7)
FN:70,(anonymous_8)
FN:105,(anonymous_9)
FN:120,(anonymous_10)
FN:135,(anonymous_11)
FN:139,(anonymous_12)
FN:188,(anonymous_13)
FN:206,(anonymous_14)
FN:207,(anonymous_15)
FN:210,(anonymous_16)
FNF:17
FNH:17
FNDA:3,(anonymous_0)
FNDA:3,(anonymous_1)
FNDA:3,(anonymous_2)
FNDA:3,(anonymous_3)
FNDA:3,(anonymous_4)
FNDA:3,(anonymous_5)
FNDA:2,(anonymous_6)
FNDA:2,(anonymous_7)
FNDA:2,(anonymous_8)
FNDA:1,(anonymous_9)
FNDA:2,(anonymous_10)
FNDA:2,(anonymous_11)
FNDA:2,(anonymous_12)
FNDA:1,(anonymous_13)
FNDA:3,(anonymous_14)
FNDA:3,(anonymous_15)
FNDA:3,(anonymous_16)
DA:4,1
DA:9,3
DA:11,3
DA:14,3
DA:15,1
DA:16,1
DA:20,3
DA:22,3
DA:23,3
DA:24,3
DA:25,1
DA:26,1
DA:30,2
DA:35,1
DA:36,3
DA:37,3
DA:39,3
DA:40,3
DA:41,1
DA:42,1
DA:47,2
DA:52,1
DA:66,2
DA:68,2
DA:70,2
DA:71,2
DA:72,0
DA:73,0
DA:78,2
DA:79,1
DA:84,1
DA:88,1
DA:106,1
DA:107,0
DA:108,0
DA:113,1
DA:120,1
DA:135,2
DA:137,2
DA:139,2
DA:140,2
DA:141,0
DA:142,0
DA:146,2
DA:148,2
DA:149,1
DA:152,1
DA:156,1
DA:172,1
DA:188,1
DA:189,1
DA:190,0
DA:191,0
DA:197,1
DA:206,1
DA:207,3
DA:208,3
DA:210,3
DA:211,3
DA:212,1
DA:213,1
DA:216,2
DA:217,1
DA:220,1
LF:64
LH:56
BRDA:5,0,0,2
BRDA:6,1,0,2
BRDA:7,2,0,2
BRDA:14,3,0,1
BRDA:14,3,1,2
BRDA:24,4,0,1
BRDA:24,4,1,2
BRDA:40,5,0,1
BRDA:40,5,1,2
BRDA:47,6,0,1
BRDA:47,6,1,1
BRDA:71,7,0,0
BRDA:71,7,1,2
BRDA:78,8,0,1
BRDA:78,8,1,1
BRDA:106,9,0,0
BRDA:106,9,1,1
BRDA:140,10,0,0
BRDA:140,10,1,2
BRDA:146,11,0,2
BRDA:146,11,1,2
BRDA:146,11,2,2
BRDA:148,12,0,1
BRDA:148,12,1,1
BRDA:189,13,0,0
BRDA:189,13,1,1
BRDA:211,14,0,1
BRDA:211,14,1,2
BRDA:216,15,0,1
BRDA:216,15,1,1
BRF:30
BRH:26
end_of_record
TN:
SF:src\repository\products.repository.js
FN:4,(anonymous_0)
FN:50,(anonymous_1)
FN:61,(anonymous_2)
FN:73,(anonymous_3)
FN:77,(anonymous_4)
FN:108,(anonymous_5)
FN:123,(anonymous_6)
FN:135,(anonymous_7)
FN:139,(anonymous_8)
FN:182,(anonymous_9)
FN:200,(anonymous_10)
FN:201,(anonymous_11)
FN:204,(anonymous_12)
FNF:13
FNH:13
FNDA:4,(anonymous_0)
FNDA:2,(anonymous_1)
FNDA:3,(anonymous_2)
FNDA:3,(anonymous_3)
FNDA:3,(anonymous_4)
FNDA:1,(anonymous_5)
FNDA:3,(anonymous_6)
FNDA:3,(anonymous_7)
FNDA:3,(anonymous_8)
FNDA:1,(anonymous_9)
FNDA:3,(anonymous_10)
FNDA:3,(anonymous_11)
FNDA:3,(anonymous_12)
DA:4,1
DA:10,4
DA:12,4
DA:15,4
DA:16,1
DA:17,1
DA:21,4
DA:22,1
DA:23,1
DA:27,4
DA:29,4
DA:31,0
DA:32,0
DA:34,0
DA:35,0
DA:38,4
DA:39,4
DA:42,4
DA:43,4
DA:45,1
DA:46,1
DA:50,1
DA:51,2
DA:53,2
DA:54,2
DA:56,1
DA:57,1
DA:61,1
DA:73,3
DA:75,3
DA:77,3
DA:78,3
DA:79,1
DA:80,1
DA:85,2
DA:86,1
DA:89,1
DA:93,1
DA:109,1
DA:110,0
DA:111,0
DA:116,1
DA:123,1
DA:135,3
DA:137,3
DA:139,3
DA:140,3
DA:141,1
DA:142,1
DA:146,2
DA:148,2
DA:149,1
DA:152,1
DA:156,1
DA:169,1
DA:182,1
DA:183,1
DA:184,0
DA:185,0
DA:191,1
DA:200,1
DA:201,3
DA:202,3
DA:204,3
DA:205,3
DA:206,1
DA:207,1
DA:210,2
DA:211,1
DA:214,1
LF:70
LH:62
BRDA:5,0,0,2
BRDA:6,1,0,2
BRDA:7,2,0,2
BRDA:8,3,0,3
BRDA:15,4,0,1
BRDA:15,4,1,3
BRDA:21,5,0,1
BRDA:21,5,1,3
BRDA:27,6,0,0
BRDA:27,6,1,4
BRDA:29,7,0,0
BRDA:29,7,1,0
BRDA:29,7,2,4
BRDA:29,7,3,4
BRDA:78,8,0,1
BRDA:78,8,1,2
BRDA:85,9,0,1
BRDA:85,9,1,1
BRDA:109,10,0,0
BRDA:109,10,1,1
BRDA:140,11,0,1
BRDA:140,11,1,2
BRDA:146,12,0,2
BRDA:146,12,1,2
BRDA:146,12,2,2
BRDA:148,13,0,1
BRDA:148,13,1,1
BRDA:183,14,0,0
BRDA:183,14,1,1
BRDA:205,15,0,1
BRDA:205,15,1,2
BRDA:210,16,0,1
BRDA:210,16,1,1
BRF:33
BRH:28
end_of_record
TN:
SF:src\routes\SalesOrderHeader.routes.js
FNF:0
FNH:0
DA:4,1
DA:6,1
DA:7,1
LF:3
LH:3
BRF:0
BRH:0
end_of_record
TN:
SF:src\routes\customer.routes.js
FNF:0
FNH:0
DA:4,1
DA:6,1
DA:7,1
DA:8,1
DA:9,1
LF:5
LH:5
BRF:0
BRH:0
end_of_record
TN:
SF:src\routes\products.routes.js
FNF:0
FNH:0
DA:4,1
DA:6,1
DA:7,1
DA:8,1
DA:9,1
DA:10,1
LF:6
LH:6
BRF:0
BRH:0
end_of_record
TN:
SF:src\utils\response.js
FNF:0
FNH:0
DA:1,3
LF:1
LH:1
BRF:0
BRH:0
end_of_record
